# JRE version: Java(TM) SE Runtime Environment (7.0_80-b15) (build 1.7.0_80-b15)
# Java VM: Java HotSpot(TM) 64-Bit Server VM (24.80-b11 mixed mode windows-amd64 compressed oops)
Heap
 PSYoungGen      total 31744K, used 5880K [0x00000007ab300000, 0x00000007ad300000, 0x0000000800000000)
  eden space 31232K, 18% used [0x00000007ab300000,0x00000007ab8a60d0,0x00000007ad180000)
  from space 512K, 18% used [0x00000007ad200000,0x00000007ad218000,0x00000007ad280000)
  to   space 512K, 0% used [0x00000007ad280000,0x00000007ad280000,0x00000007ad300000)
 ParOldGen       total 173568K, used 79456K [0x0000000701a00000, 0x000000070c380000, 0x00000007ab300000)
  object space 173568K, 45% used [0x0000000701a00000,0x0000000706798148,0x000000070c380000)
 PSPermGen       total 21504K, used 11473K [0x00000006fc800000, 0x00000006fdd00000, 0x0000000701a00000)
  object space 21504K, 53% used [0x00000006fc800000,0x00000006fd334430,0x00000006fdd00000)
GC Heap History (10 events):
Event: 787.095 GC heap before
{Heap before GC invocations=909 (full 0):
 PSYoungGen      total 31744K, used 31360K [0x00000007ab300000, 0x00000007ad300000, 0x0000000800000000)
  eden space 31232K, 100% used [0x00000007ab300000,0x00000007ad180000,0x00000007ad180000)
  from space 512K, 25% used [0x00000007ad280000,0x00000007ad2a0000,0x00000007ad300000)
  to   space 512K, 0% used [0x00000007ad200000,0x00000007ad200000,0x00000007ad280000)
 ParOldGen       total 173568K, used 79062K [0x0000000701a00000, 0x000000070c380000, 0x00000007ab300000)
  object space 173568K, 45% used [0x0000000701a00000,0x0000000706735928,0x000000070c380000)
 PSPermGen       total 21504K, used 11473K [0x00000006fc800000, 0x00000006fdd00000, 0x0000000701a00000)
  object space 21504K, 53% used [0x00000006fc800000,0x00000006fd334430,0x00000006fdd00000)
Event: 787.096 GC heap after
Heap after GC invocations=909 (full 0):
 PSYoungGen      total 31744K, used 152K [0x00000007ab300000, 0x00000007ad300000, 0x0000000800000000)
  eden space 31232K, 0% used [0x00000007ab300000,0x00000007ab300000,0x00000007ad180000)
  from space 512K, 29% used [0x00000007ad200000,0x00000007ad2261a0,0x00000007ad280000)
  to   space 512K, 0% used [0x00000007ad280000,0x00000007ad280000,0x00000007ad300000)
 ParOldGen       total 173568K, used 79078K [0x0000000701a00000, 0x000000070c380000, 0x00000007ab300000)
  object space 173568K, 45% used [0x0000000701a00000,0x0000000706739928,0x000000070c380000)
 PSPermGen       total 21504K, used 11473K [0x00000006fc800000, 0x00000006fdd00000, 0x0000000701a00000)
  object space 21504K, 53% used [0x00000006fc800000,0x00000006fd334430,0x00000006fdd00000)
}
Event: 788.446 GC heap before
{Heap before GC invocations=910 (full 0):
 PSYoungGen      total 31744K, used 31384K [0x00000007ab300000, 0x00000007ad300000, 0x0000000800000000)
  eden space 31232K, 100% used [0x00000007ab300000,0x00000007ad180000,0x00000007ad180000)
  from space 512K, 29% used [0x00000007ad200000,0x00000007ad2261a0,0x00000007ad280000)
  to   space 512K, 0% used [0x00000007ad280000,0x00000007ad280000,0x00000007ad300000)
 ParOldGen       total 173568K, used 79078K [0x0000000701a00000, 0x000000070c380000, 0x00000007ab300000)
  object space 173568K, 45% used [0x0000000701a00000,0x0000000706739928,0x000000070c380000)
 PSPermGen       total 21504K, used 11473K [0x00000006fc800000, 0x00000006fdd00000, 0x0000000701a00000)
  object space 21504K, 53% used [0x00000006fc800000,0x00000006fd334430,0x00000006fdd00000)
Event: 788.447 GC heap after
Heap after GC invocations=910 (full 0):
 PSYoungGen      total 31744K, used 184K [0x00000007ab300000, 0x00000007ad300000, 0x0000000800000000)
  eden space 31232K, 0% used [0x00000007ab300000,0x00000007ab300000,0x00000007ad180000)
  from space 512K, 36% used [0x00000007ad280000,0x00000007ad2ae1a0,0x00000007ad300000)
  to   space 512K, 0% used [0x00000007ad200000,0x00000007ad200000,0x00000007ad280000)
 ParOldGen       total 173568K, used 79215K [0x0000000701a00000, 0x000000070c380000, 0x00000007ab300000)
  object space 173568K, 45% used [0x0000000701a00000,0x000000070675bc68,0x000000070c380000)
 PSPermGen       total 21504K, used 11473K [0x00000006fc800000, 0x00000006fdd00000, 0x0000000701a00000)
  object space 21504K, 53% used [0x00000006fc800000,0x00000006fd334430,0x00000006fdd00000)
}
Event: 788.623 GC heap before
{Heap before GC invocations=911 (full 0):
 PSYoungGen      total 31744K, used 31416K [0x00000007ab300000, 0x00000007ad300000, 0x0000000800000000)
  eden space 31232K, 100% used [0x00000007ab300000,0x00000007ad180000,0x00000007ad180000)
  from space 512K, 36% used [0x00000007ad280000,0x00000007ad2ae1a0,0x00000007ad300000)
  to   space 512K, 0% used [0x00000007ad200000,0x00000007ad200000,0x00000007ad280000)
 ParOldGen       total 173568K, used 79215K [0x0000000701a00000, 0x000000070c380000, 0x00000007ab300000)
  object space 173568K, 45% used [0x0000000701a00000,0x000000070675bc68,0x000000070c380000)
 PSPermGen       total 21504K, used 11473K [0x00000006fc800000, 0x00000006fdd00000, 0x0000000701a00000)
  object space 21504K, 53% used [0x00000006fc800000,0x00000006fd334430,0x00000006fdd00000)
Event: 788.624 GC heap after
Heap after GC invocations=911 (full 0):
 PSYoungGen      total 31744K, used 96K [0x00000007ab300000, 0x00000007ad300000, 0x0000000800000000)
  eden space 31232K, 0% used [0x00000007ab300000,0x00000007ab300000,0x00000007ad180000)
  from space 512K, 18% used [0x00000007ad200000,0x00000007ad218000,0x00000007ad280000)
  to   space 512K, 0% used [0x00000007ad280000,0x00000007ad280000,0x00000007ad300000)
 ParOldGen       total 173568K, used 79351K [0x0000000701a00000, 0x000000070c380000, 0x00000007ab300000)
  object space 173568K, 45% used [0x0000000701a00000,0x000000070677dfa8,0x000000070c380000)
 PSPermGen       total 21504K, used 11473K [0x00000006fc800000, 0x00000006fdd00000, 0x0000000701a00000)
  object space 21504K, 53% used [0x00000006fc800000,0x00000006fd334430,0x00000006fdd00000)
}
Event: 790.028 GC heap before
{Heap before GC invocations=912 (full 0):
 PSYoungGen      total 31744K, used 31328K [0x00000007ab300000, 0x00000007ad300000, 0x0000000800000000)
  eden space 31232K, 100% used [0x00000007ab300000,0x00000007ad180000,0x00000007ad180000)
  from space 512K, 18% used [0x00000007ad200000,0x00000007ad218000,0x00000007ad280000)
  to   space 512K, 0% used [0x00000007ad280000,0x00000007ad280000,0x00000007ad300000)
 ParOldGen       total 173568K, used 79351K [0x0000000701a00000, 0x000000070c380000, 0x00000007ab300000)
  object space 173568K, 45% used [0x0000000701a00000,0x000000070677dfa8,0x000000070c380000)
 PSPermGen       total 21504K, used 11473K [0x00000006fc800000, 0x00000006fdd00000, 0x0000000701a00000)
  object space 21504K, 53% used [0x00000006fc800000,0x00000006fd334430,0x00000006fdd00000)
Event: 790.029 GC heap after
Heap after GC invocations=912 (full 0):
 PSYoungGen      total 31744K, used 152K [0x00000007ab300000, 0x00000007ad300000, 0x0000000800000000)
  eden space 31232K, 0% used [0x00000007ab300000,0x00000007ab300000,0x00000007ad180000)
  from space 512K, 29% used [0x00000007ad280000,0x00000007ad2a61a0,0x00000007ad300000)
  to   space 512K, 0% used [0x00000007ad200000,0x00000007ad200000,0x00000007ad280000)
 ParOldGen       total 173568K, used 79375K [0x0000000701a00000, 0x000000070c380000, 0x00000007ab300000)
  object space 173568K, 45% used [0x0000000701a00000,0x0000000706783fa8,0x000000070c380000)
 PSPermGen       total 21504K, used 11473K [0x00000006fc800000, 0x00000006fdd00000, 0x0000000701a00000)
  object space 21504K, 53% used [0x00000006fc800000,0x00000006fd334430,0x00000006fdd00000)
}
Event: 790.214 GC heap before
{Heap before GC invocations=913 (full 0):
 PSYoungGen      total 31744K, used 31384K [0x00000007ab300000, 0x00000007ad300000, 0x0000000800000000)
  eden space 31232K, 100% used [0x00000007ab300000,0x00000007ad180000,0x00000007ad180000)
  from space 512K, 29% used [0x00000007ad280000,0x00000007ad2a61a0,0x00000007ad300000)
  to   space 512K, 0% used [0x00000007ad200000,0x00000007ad200000,0x00000007ad280000)
 ParOldGen       total 173568K, used 79375K [0x0000000701a00000, 0x000000070c380000, 0x00000007ab300000)
  object space 173568K, 45% used [0x0000000701a00000,0x0000000706783fa8,0x000000070c380000)
 PSPermGen       total 21504K, used 11473K [0x00000006fc800000, 0x00000006fdd00000, 0x0000000701a00000)
  object space 21504K, 53% used [0x00000006fc800000,0x00000006fd334430,0x00000006fdd00000)
Event: 790.215 GC heap after
Heap after GC invocations=913 (full 0):
 PSYoungGen      total 31744K, used 96K [0x00000007ab300000, 0x00000007ad300000, 0x0000000800000000)
  eden space 31232K, 0% used [0x00000007ab300000,0x00000007ab300000,0x00000007ad180000)
  from space 512K, 18% used [0x00000007ad200000,0x00000007ad218000,0x00000007ad280000)
  to   space 512K, 0% used [0x00000007ad280000,0x00000007ad280000,0x00000007ad300000)
 ParOldGen       total 173568K, used 79456K [0x0000000701a00000, 0x000000070c380000, 0x00000007ab300000)
  object space 173568K, 45% used [0x0000000701a00000,0x0000000706798148,0x000000070c380000)
 PSPermGen       total 21504K, used 11473K [0x00000006fc800000, 0x00000006fdd00000, 0x0000000701a00000)
  object space 21504K, 53% used [0x00000006fc800000,0x00000006fd334430,0x00000006fdd00000)
}

