# JRE version: Java(TM) SE Runtime Environment (7.0_80-b15) (build 1.7.0_80-b15)
# Java VM: Java HotSpot(TM) 64-Bit Server VM (24.80-b11 mixed mode windows-amd64 compressed oops)
Heap
 PSYoungGen      total 31744K, used 17187K [0x00000007ab300000, 0x00000007ad300000, 0x0000000800000000)
  eden space 31232K, 54% used [0x00000007ab300000,0x00000007ac3b0cb8,0x00000007ad180000)
  from space 512K, 18% used [0x00000007ad280000,0x00000007ad298000,0x00000007ad300000)
  to   space 512K, 0% used [0x00000007ad200000,0x00000007ad200000,0x00000007ad280000)
 ParOldGen       total 173568K, used 69177K [0x0000000701a00000, 0x000000070c380000, 0x00000007ab300000)
  object space 173568K, 39% used [0x0000000701a00000,0x0000000705d8e720,0x000000070c380000)
 PSPermGen       total 21504K, used 11471K [0x00000006fc800000, 0x00000006fdd00000, 0x0000000701a00000)
  object space 21504K, 53% used [0x00000006fc800000,0x00000006fd333db0,0x00000006fdd00000)
GC Heap History (10 events):
Event: 1739.875 GC heap before
{Heap before GC invocations=958 (full 0):
 PSYoungGen      total 31744K, used 31328K [0x00000007ab300000, 0x00000007ad300000, 0x0000000800000000)
  eden space 31232K, 100% used [0x00000007ab300000,0x00000007ad180000,0x00000007ad180000)
  from space 512K, 18% used [0x00000007ad200000,0x00000007ad218000,0x00000007ad280000)
  to   space 512K, 0% used [0x00000007ad280000,0x00000007ad280000,0x00000007ad300000)
 ParOldGen       total 173568K, used 68807K [0x0000000701a00000, 0x000000070c380000, 0x00000007ab300000)
  object space 173568K, 39% used [0x0000000701a00000,0x0000000705d31f00,0x000000070c380000)
 PSPermGen       total 21504K, used 11471K [0x00000006fc800000, 0x00000006fdd00000, 0x0000000701a00000)
  object space 21504K, 53% used [0x00000006fc800000,0x00000006fd333db0,0x00000006fdd00000)
Event: 1739.878 GC heap after
Heap after GC invocations=958 (full 0):
 PSYoungGen      total 31744K, used 120K [0x00000007ab300000, 0x00000007ad300000, 0x0000000800000000)
  eden space 31232K, 0% used [0x00000007ab300000,0x00000007ab300000,0x00000007ad180000)
  from space 512K, 23% used [0x00000007ad280000,0x00000007ad29e1a0,0x00000007ad300000)
  to   space 512K, 0% used [0x00000007ad200000,0x00000007ad200000,0x00000007ad280000)
 ParOldGen       total 173568K, used 68815K [0x0000000701a00000, 0x000000070c380000, 0x00000007ab300000)
  object space 173568K, 39% used [0x0000000701a00000,0x0000000705d33f00,0x000000070c380000)
 PSPermGen       total 21504K, used 11471K [0x00000006fc800000, 0x00000006fdd00000, 0x0000000701a00000)
  object space 21504K, 53% used [0x00000006fc800000,0x00000006fd333db0,0x00000006fdd00000)
}
Event: 1740.261 GC heap before
{Heap before GC invocations=959 (full 0):
 PSYoungGen      total 31744K, used 31352K [0x00000007ab300000, 0x00000007ad300000, 0x0000000800000000)
  eden space 31232K, 100% used [0x00000007ab300000,0x00000007ad180000,0x00000007ad180000)
  from space 512K, 23% used [0x00000007ad280000,0x00000007ad29e1a0,0x00000007ad300000)
  to   space 512K, 0% used [0x00000007ad200000,0x00000007ad200000,0x00000007ad280000)
 ParOldGen       total 173568K, used 68815K [0x0000000701a00000, 0x000000070c380000, 0x00000007ab300000)
  object space 173568K, 39% used [0x0000000701a00000,0x0000000705d33f00,0x000000070c380000)
 PSPermGen       total 21504K, used 11471K [0x00000006fc800000, 0x00000006fdd00000, 0x0000000701a00000)
  object space 21504K, 53% used [0x00000006fc800000,0x00000006fd333db0,0x00000006fdd00000)
Event: 1740.262 GC heap after
Heap after GC invocations=959 (full 0):
 PSYoungGen      total 31744K, used 64K [0x00000007ab300000, 0x00000007ad300000, 0x0000000800000000)
  eden space 31232K, 0% used [0x00000007ab300000,0x00000007ab300000,0x00000007ad180000)
  from space 512K, 12% used [0x00000007ad200000,0x00000007ad210000,0x00000007ad280000)
  to   space 512K, 0% used [0x00000007ad280000,0x00000007ad280000,0x00000007ad300000)
 ParOldGen       total 173568K, used 68952K [0x0000000701a00000, 0x000000070c380000, 0x00000007ab300000)
  object space 173568K, 39% used [0x0000000701a00000,0x0000000705d56240,0x000000070c380000)
 PSPermGen       total 21504K, used 11471K [0x00000006fc800000, 0x00000006fdd00000, 0x0000000701a00000)
  object space 21504K, 53% used [0x00000006fc800000,0x00000006fd333db0,0x00000006fdd00000)
}
Event: 1743.102 GC heap before
{Heap before GC invocations=960 (full 0):
 PSYoungGen      total 31744K, used 31296K [0x00000007ab300000, 0x00000007ad300000, 0x0000000800000000)
  eden space 31232K, 100% used [0x00000007ab300000,0x00000007ad180000,0x00000007ad180000)
  from space 512K, 12% used [0x00000007ad200000,0x00000007ad210000,0x00000007ad280000)
  to   space 512K, 0% used [0x00000007ad280000,0x00000007ad280000,0x00000007ad300000)
 ParOldGen       total 173568K, used 68952K [0x0000000701a00000, 0x000000070c380000, 0x00000007ab300000)
  object space 173568K, 39% used [0x0000000701a00000,0x0000000705d56240,0x000000070c380000)
 PSPermGen       total 21504K, used 11471K [0x00000006fc800000, 0x00000006fdd00000, 0x0000000701a00000)
  object space 21504K, 53% used [0x00000006fc800000,0x00000006fd333db0,0x00000006fdd00000)
Event: 1743.105 GC heap after
Heap after GC invocations=960 (full 0):
 PSYoungGen      total 31744K, used 120K [0x00000007ab300000, 0x00000007ad300000, 0x0000000800000000)
  eden space 31232K, 0% used [0x00000007ab300000,0x00000007ab300000,0x00000007ad180000)
  from space 512K, 23% used [0x00000007ad280000,0x00000007ad29e1a0,0x00000007ad300000)
  to   space 512K, 0% used [0x00000007ad200000,0x00000007ad200000,0x00000007ad280000)
 ParOldGen       total 173568K, used 68960K [0x0000000701a00000, 0x000000070c380000, 0x00000007ab300000)
  object space 173568K, 39% used [0x0000000701a00000,0x0000000705d58240,0x000000070c380000)
 PSPermGen       total 21504K, used 11471K [0x00000006fc800000, 0x00000006fdd00000, 0x0000000701a00000)
  object space 21504K, 53% used [0x00000006fc800000,0x00000006fd333db0,0x00000006fdd00000)
}
Event: 1746.221 GC heap before
{Heap before GC invocations=961 (full 0):
 PSYoungGen      total 31744K, used 31352K [0x00000007ab300000, 0x00000007ad300000, 0x0000000800000000)
  eden space 31232K, 100% used [0x00000007ab300000,0x00000007ad180000,0x00000007ad180000)
  from space 512K, 23% used [0x00000007ad280000,0x00000007ad29e1a0,0x00000007ad300000)
  to   space 512K, 0% used [0x00000007ad200000,0x00000007ad200000,0x00000007ad280000)
 ParOldGen       total 173568K, used 68960K [0x0000000701a00000, 0x000000070c380000, 0x00000007ab300000)
  object space 173568K, 39% used [0x0000000701a00000,0x0000000705d58240,0x000000070c380000)
 PSPermGen       total 21504K, used 11471K [0x00000006fc800000, 0x00000006fdd00000, 0x0000000701a00000)
  object space 21504K, 53% used [0x00000006fc800000,0x00000006fd333db0,0x00000006fdd00000)
Event: 1746.223 GC heap after
Heap after GC invocations=961 (full 0):
 PSYoungGen      total 31744K, used 208K [0x00000007ab300000, 0x00000007ad300000, 0x0000000800000000)
  eden space 31232K, 0% used [0x00000007ab300000,0x00000007ab300000,0x00000007ad180000)
  from space 512K, 40% used [0x00000007ad200000,0x00000007ad234340,0x00000007ad280000)
  to   space 512K, 0% used [0x00000007ad280000,0x00000007ad280000,0x00000007ad300000)
 ParOldGen       total 173568K, used 69040K [0x0000000701a00000, 0x000000070c380000, 0x00000007ab300000)
  object space 173568K, 39% used [0x0000000701a00000,0x0000000705d6c3e0,0x000000070c380000)
 PSPermGen       total 21504K, used 11471K [0x00000006fc800000, 0x00000006fdd00000, 0x0000000701a00000)
  object space 21504K, 53% used [0x00000006fc800000,0x00000006fd333db0,0x00000006fdd00000)
}
Event: 1746.586 GC heap before
{Heap before GC invocations=962 (full 0):
 PSYoungGen      total 31744K, used 31440K [0x00000007ab300000, 0x00000007ad300000, 0x0000000800000000)
  eden space 31232K, 100% used [0x00000007ab300000,0x00000007ad180000,0x00000007ad180000)
  from space 512K, 40% used [0x00000007ad200000,0x00000007ad234340,0x00000007ad280000)
  to   space 512K, 0% used [0x00000007ad280000,0x00000007ad280000,0x00000007ad300000)
 ParOldGen       total 173568K, used 69040K [0x0000000701a00000, 0x000000070c380000, 0x00000007ab300000)
  object space 173568K, 39% used [0x0000000701a00000,0x0000000705d6c3e0,0x000000070c380000)
 PSPermGen       total 21504K, used 11471K [0x00000006fc800000, 0x00000006fdd00000, 0x0000000701a00000)
  object space 21504K, 53% used [0x00000006fc800000,0x00000006fd333db0,0x00000006fdd00000)
Event: 1746.589 GC heap after
Heap after GC invocations=962 (full 0):
 PSYoungGen      total 31744K, used 96K [0x00000007ab300000, 0x00000007ad300000, 0x0000000800000000)
  eden space 31232K, 0% used [0x00000007ab300000,0x00000007ab300000,0x00000007ad180000)
  from space 512K, 18% used [0x00000007ad280000,0x00000007ad298000,0x00000007ad300000)
  to   space 512K, 0% used [0x00000007ad200000,0x00000007ad200000,0x00000007ad280000)
 ParOldGen       total 173568K, used 69177K [0x0000000701a00000, 0x000000070c380000, 0x00000007ab300000)
  object space 173568K, 39% used [0x0000000701a00000,0x0000000705d8e720,0x000000070c380000)
 PSPermGen       total 21504K, used 11471K [0x00000006fc800000, 0x00000006fdd00000, 0x0000000701a00000)
  object space 21504K, 53% used [0x00000006fc800000,0x00000006fd333db0,0x00000006fdd00000)
}

